
    <html>
    <head>
        <style>
            body {
                font-family: Arial, sans-serif;
                margin: 20px;
            }
            table {
                width: 100%;
                border-collapse: collapse;
                margin-top: 20px;
                text-align: left;
            }
            th, td {
                padding: 12px;
                border: 1px solid #ddd;
            }
            th {
                background-color: #f4f4f4;
            }
            tr:nth-child(even) {
                background-color: #f9f9f9;
            }
            .reason {
                white-space: pre-wrap;
                word-wrap: break-word;
            }
        </style>
    </head>
    <body>
        <h2>Unit Test Results</h2>
        <p>Test run date: 2025-02-08T19:02:12.127933</p>
        <style type="text/css">
#T_e6ac9_row0_col0, #T_e6ac9_row0_col1, #T_e6ac9_row0_col2, #T_e6ac9_row0_col3, #T_e6ac9_row3_col0, #T_e6ac9_row3_col1, #T_e6ac9_row3_col2, #T_e6ac9_row3_col3, #T_e6ac9_row5_col0, #T_e6ac9_row5_col1, #T_e6ac9_row5_col2, #T_e6ac9_row5_col3, #T_e6ac9_row6_col0, #T_e6ac9_row6_col1, #T_e6ac9_row6_col2, #T_e6ac9_row6_col3, #T_e6ac9_row7_col0, #T_e6ac9_row7_col1, #T_e6ac9_row7_col2, #T_e6ac9_row7_col3, #T_e6ac9_row8_col0, #T_e6ac9_row8_col1, #T_e6ac9_row8_col2, #T_e6ac9_row8_col3, #T_e6ac9_row9_col0, #T_e6ac9_row9_col1, #T_e6ac9_row9_col2, #T_e6ac9_row9_col3, #T_e6ac9_row13_col0, #T_e6ac9_row13_col1, #T_e6ac9_row13_col2, #T_e6ac9_row13_col3, #T_e6ac9_row24_col0, #T_e6ac9_row24_col1, #T_e6ac9_row24_col2, #T_e6ac9_row24_col3, #T_e6ac9_row25_col0, #T_e6ac9_row25_col1, #T_e6ac9_row25_col2, #T_e6ac9_row25_col3, #T_e6ac9_row26_col0, #T_e6ac9_row26_col1, #T_e6ac9_row26_col2, #T_e6ac9_row26_col3, #T_e6ac9_row27_col0, #T_e6ac9_row27_col1, #T_e6ac9_row27_col2, #T_e6ac9_row27_col3, #T_e6ac9_row28_col0, #T_e6ac9_row28_col1, #T_e6ac9_row28_col2, #T_e6ac9_row28_col3, #T_e6ac9_row29_col0, #T_e6ac9_row29_col1, #T_e6ac9_row29_col2, #T_e6ac9_row29_col3, #T_e6ac9_row30_col0, #T_e6ac9_row30_col1, #T_e6ac9_row30_col2, #T_e6ac9_row30_col3 {
  background-color: #d4edda;
}
#T_e6ac9_row1_col0, #T_e6ac9_row1_col1, #T_e6ac9_row1_col2, #T_e6ac9_row1_col3, #T_e6ac9_row2_col0, #T_e6ac9_row2_col1, #T_e6ac9_row2_col2, #T_e6ac9_row2_col3, #T_e6ac9_row4_col0, #T_e6ac9_row4_col1, #T_e6ac9_row4_col2, #T_e6ac9_row4_col3, #T_e6ac9_row12_col0, #T_e6ac9_row12_col1, #T_e6ac9_row12_col2, #T_e6ac9_row12_col3, #T_e6ac9_row14_col0, #T_e6ac9_row14_col1, #T_e6ac9_row14_col2, #T_e6ac9_row14_col3 {
  background-color: #f8d7da;
}
#T_e6ac9_row10_col0, #T_e6ac9_row10_col1, #T_e6ac9_row10_col2, #T_e6ac9_row10_col3, #T_e6ac9_row11_col0, #T_e6ac9_row11_col1, #T_e6ac9_row11_col2, #T_e6ac9_row11_col3, #T_e6ac9_row15_col0, #T_e6ac9_row15_col1, #T_e6ac9_row15_col2, #T_e6ac9_row15_col3, #T_e6ac9_row16_col0, #T_e6ac9_row16_col1, #T_e6ac9_row16_col2, #T_e6ac9_row16_col3, #T_e6ac9_row17_col0, #T_e6ac9_row17_col1, #T_e6ac9_row17_col2, #T_e6ac9_row17_col3, #T_e6ac9_row18_col0, #T_e6ac9_row18_col1, #T_e6ac9_row18_col2, #T_e6ac9_row18_col3, #T_e6ac9_row19_col0, #T_e6ac9_row19_col1, #T_e6ac9_row19_col2, #T_e6ac9_row19_col3, #T_e6ac9_row20_col0, #T_e6ac9_row20_col1, #T_e6ac9_row20_col2, #T_e6ac9_row20_col3, #T_e6ac9_row21_col0, #T_e6ac9_row21_col1, #T_e6ac9_row21_col2, #T_e6ac9_row21_col3, #T_e6ac9_row22_col0, #T_e6ac9_row22_col1, #T_e6ac9_row22_col2, #T_e6ac9_row22_col3, #T_e6ac9_row23_col0, #T_e6ac9_row23_col1, #T_e6ac9_row23_col2, #T_e6ac9_row23_col3 {
  background-color: #fff3cd;
}
</style>
<table id="T_e6ac9">
  <thead>
    <tr>
      <th class="blank level0" >&nbsp;</th>
      <th id="T_e6ac9_level0_col0" class="col_heading level0 col0" >file</th>
      <th id="T_e6ac9_level0_col1" class="col_heading level0 col1" >method</th>
      <th id="T_e6ac9_level0_col2" class="col_heading level0 col2" >status</th>
      <th id="T_e6ac9_level0_col3" class="col_heading level0 col3" >reason</th>
    </tr>
  </thead>
  <tbody>
    <tr>
      <th id="T_e6ac9_level0_row0" class="row_heading level0 row0" >0</th>
      <td id="T_e6ac9_row0_col0" class="data row0 col0" >OrderManagementSystem.app.model.test_order_0</td>
      <td id="T_e6ac9_row0_col1" class="data row0 col1" >test_order_creation_empty_item (OrderManagementSystem.app.model.test_order_0.TestOrder)</td>
      <td id="T_e6ac9_row0_col2" class="data row0 col2" >PASS</td>
      <td id="T_e6ac9_row0_col3" class="data row0 col3" >None</td>
    </tr>
    <tr>
      <th id="T_e6ac9_level0_row1" class="row_heading level0 row1" >1</th>
      <td id="T_e6ac9_row1_col0" class="data row1 col0" >OrderManagementSystem.app.model.test_order_0</td>
      <td id="T_e6ac9_row1_col1" class="data row1 col1" >test_order_creation_invalid_item_type (OrderManagementSystem.app.model.test_order_0.TestOrder)</td>
      <td id="T_e6ac9_row1_col2" class="data row1 col2" >FAIL</td>
      <td id="T_e6ac9_row1_col3" class="data row1 col3" >Traceback (most recent call last):
  File "D:\Sai\UnitTesting-LangChain\tests\OrderManagementSystem\app\model\test_order_0.py", line 70, in test_order_creation_invalid_item_type
    Order(123, 5)
AssertionError: TypeError not raised
</td>
    </tr>
    <tr>
      <th id="T_e6ac9_level0_row2" class="row_heading level0 row2" >2</th>
      <td id="T_e6ac9_row2_col0" class="data row2 col0" >OrderManagementSystem.app.model.test_order_0</td>
      <td id="T_e6ac9_row2_col1" class="data row2 col1" >test_order_creation_invalid_quantity_type (OrderManagementSystem.app.model.test_order_0.TestOrder)</td>
      <td id="T_e6ac9_row2_col2" class="data row2 col2" >FAIL</td>
      <td id="T_e6ac9_row2_col3" class="data row2 col3" >Traceback (most recent call last):
  File "D:\Sai\UnitTesting-LangChain\tests\OrderManagementSystem\app\model\test_order_0.py", line 75, in test_order_creation_invalid_quantity_type
    Order("Mango", "five")
AssertionError: TypeError not raised
</td>
    </tr>
    <tr>
      <th id="T_e6ac9_level0_row3" class="row_heading level0 row3" >3</th>
      <td id="T_e6ac9_row3_col0" class="data row3 col0" >OrderManagementSystem.app.model.test_order_0</td>
      <td id="T_e6ac9_row3_col1" class="data row3 col1" >test_order_creation_multiple_orders (OrderManagementSystem.app.model.test_order_0.TestOrder)</td>
      <td id="T_e6ac9_row3_col2" class="data row3 col2" >PASS</td>
      <td id="T_e6ac9_row3_col3" class="data row3 col3" >None</td>
    </tr>
    <tr>
      <th id="T_e6ac9_level0_row4" class="row_heading level0 row4" >4</th>
      <td id="T_e6ac9_row4_col0" class="data row4 col0" >OrderManagementSystem.app.model.test_order_0</td>
      <td id="T_e6ac9_row4_col1" class="data row4 col1" >test_order_creation_negative_quantity (OrderManagementSystem.app.model.test_order_0.TestOrder)</td>
      <td id="T_e6ac9_row4_col2" class="data row4 col2" >FAIL</td>
      <td id="T_e6ac9_row4_col3" class="data row4 col3" >Traceback (most recent call last):
  File "D:\Sai\UnitTesting-LangChain\tests\OrderManagementSystem\app\model\test_order_0.py", line 65, in test_order_creation_negative_quantity
    Order("Peach", -1)
AssertionError: ValueError not raised
</td>
    </tr>
    <tr>
      <th id="T_e6ac9_level0_row5" class="row_heading level0 row5" >5</th>
      <td id="T_e6ac9_row5_col0" class="data row5 col0" >OrderManagementSystem.app.model.test_order_0</td>
      <td id="T_e6ac9_row5_col1" class="data row5 col1" >test_order_creation_valid (OrderManagementSystem.app.model.test_order_0.TestOrder)</td>
      <td id="T_e6ac9_row5_col2" class="data row5 col2" >PASS</td>
      <td id="T_e6ac9_row5_col3" class="data row5 col3" >None</td>
    </tr>
    <tr>
      <th id="T_e6ac9_level0_row6" class="row_heading level0 row6" >6</th>
      <td id="T_e6ac9_row6_col0" class="data row6 col0" >OrderManagementSystem.app.model.test_order_0</td>
      <td id="T_e6ac9_row6_col1" class="data row6 col1" >test_order_creation_zero_quantity (OrderManagementSystem.app.model.test_order_0.TestOrder)</td>
      <td id="T_e6ac9_row6_col2" class="data row6 col2" >PASS</td>
      <td id="T_e6ac9_row6_col3" class="data row6 col3" >None</td>
    </tr>
    <tr>
      <th id="T_e6ac9_level0_row7" class="row_heading level0 row7" >7</th>
      <td id="T_e6ac9_row7_col0" class="data row7 col0" >OrderManagementSystem.app.model.test_order_0</td>
      <td id="T_e6ac9_row7_col1" class="data row7 col1" >test_order_string_representation (OrderManagementSystem.app.model.test_order_0.TestOrder)</td>
      <td id="T_e6ac9_row7_col2" class="data row7 col2" >PASS</td>
      <td id="T_e6ac9_row7_col3" class="data row7 col3" >None</td>
    </tr>
    <tr>
      <th id="T_e6ac9_level0_row8" class="row_heading level0 row8" >8</th>
      <td id="T_e6ac9_row8_col0" class="data row8 col0" >OrderManagementSystem.app.repository.test_in_memory_order_repository_0</td>
      <td id="T_e6ac9_row8_col1" class="data row8 col1" >test_find_all_edge_case (OrderManagementSystem.app.repository.test_in_memory_order_repository_0.TestInMemoryOrderRepository)</td>
      <td id="T_e6ac9_row8_col2" class="data row8 col2" >PASS</td>
      <td id="T_e6ac9_row8_col3" class="data row8 col3" >None</td>
    </tr>
    <tr>
      <th id="T_e6ac9_level0_row9" class="row_heading level0 row9" >9</th>
      <td id="T_e6ac9_row9_col0" class="data row9 col0" >OrderManagementSystem.app.repository.test_in_memory_order_repository_0</td>
      <td id="T_e6ac9_row9_col1" class="data row9 col1" >test_find_all_no_orders (OrderManagementSystem.app.repository.test_in_memory_order_repository_0.TestInMemoryOrderRepository)</td>
      <td id="T_e6ac9_row9_col2" class="data row9 col2" >PASS</td>
      <td id="T_e6ac9_row9_col3" class="data row9 col3" >None</td>
    </tr>
    <tr>
      <th id="T_e6ac9_level0_row10" class="row_heading level0 row10" >10</th>
      <td id="T_e6ac9_row10_col0" class="data row10 col0" >OrderManagementSystem.app.repository.test_in_memory_order_repository_0</td>
      <td id="T_e6ac9_row10_col1" class="data row10 col1" >test_find_all_with_orders (OrderManagementSystem.app.repository.test_in_memory_order_repository_0.TestInMemoryOrderRepository)</td>
      <td id="T_e6ac9_row10_col2" class="data row10 col2" >ERROR</td>
      <td id="T_e6ac9_row10_col3" class="data row10 col3" >Traceback (most recent call last):
  File "D:\Sai\UnitTesting-LangChain\tests\OrderManagementSystem\app\repository\test_in_memory_order_repository_0.py", line 54, in test_find_all_with_orders
    order1 = Order(id=1, item="Test Item 1", quantity=2)
TypeError: __init__() got an unexpected keyword argument 'id'
</td>
    </tr>
    <tr>
      <th id="T_e6ac9_level0_row11" class="row_heading level0 row11" >11</th>
      <td id="T_e6ac9_row11_col0" class="data row11 col0" >OrderManagementSystem.app.repository.test_in_memory_order_repository_0</td>
      <td id="T_e6ac9_row11_col1" class="data row11 col1" >test_find_by_id_existing_order (OrderManagementSystem.app.repository.test_in_memory_order_repository_0.TestInMemoryOrderRepository)</td>
      <td id="T_e6ac9_row11_col2" class="data row11 col2" >ERROR</td>
      <td id="T_e6ac9_row11_col3" class="data row11 col3" >Traceback (most recent call last):
  File "D:\Sai\UnitTesting-LangChain\tests\OrderManagementSystem\app\repository\test_in_memory_order_repository_0.py", line 37, in test_find_by_id_existing_order
    order = Order(id=1, item="Test Item", quantity=2)
TypeError: __init__() got an unexpected keyword argument 'id'
</td>
    </tr>
    <tr>
      <th id="T_e6ac9_level0_row12" class="row_heading level0 row12" >12</th>
      <td id="T_e6ac9_row12_col0" class="data row12 col0" >OrderManagementSystem.app.repository.test_in_memory_order_repository_0</td>
      <td id="T_e6ac9_row12_col1" class="data row12 col1" >test_find_by_id_invalid_type (OrderManagementSystem.app.repository.test_in_memory_order_repository_0.TestInMemoryOrderRepository)</td>
      <td id="T_e6ac9_row12_col2" class="data row12 col2" >FAIL</td>
      <td id="T_e6ac9_row12_col3" class="data row12 col3" >Traceback (most recent call last):
  File "D:\Sai\UnitTesting-LangChain\tests\OrderManagementSystem\app\repository\test_in_memory_order_repository_0.py", line 71, in test_find_by_id_invalid_type
    self.repository.find_by_id("invalid_id")  # Passing a string instead of an int
AssertionError: TypeError not raised
</td>
    </tr>
    <tr>
      <th id="T_e6ac9_level0_row13" class="row_heading level0 row13" >13</th>
      <td id="T_e6ac9_row13_col0" class="data row13 col0" >OrderManagementSystem.app.repository.test_in_memory_order_repository_0</td>
      <td id="T_e6ac9_row13_col1" class="data row13 col1" >test_find_by_id_non_existing_order (OrderManagementSystem.app.repository.test_in_memory_order_repository_0.TestInMemoryOrderRepository)</td>
      <td id="T_e6ac9_row13_col2" class="data row13 col2" >PASS</td>
      <td id="T_e6ac9_row13_col3" class="data row13 col3" >None</td>
    </tr>
    <tr>
      <th id="T_e6ac9_level0_row14" class="row_heading level0 row14" >14</th>
      <td id="T_e6ac9_row14_col0" class="data row14 col0" >OrderManagementSystem.app.repository.test_in_memory_order_repository_0</td>
      <td id="T_e6ac9_row14_col1" class="data row14 col1" >test_save_invalid_order (OrderManagementSystem.app.repository.test_in_memory_order_repository_0.TestInMemoryOrderRepository)</td>
      <td id="T_e6ac9_row14_col2" class="data row14 col2" >FAIL</td>
      <td id="T_e6ac9_row14_col3" class="data row14 col3" >Traceback (most recent call last):
  File "D:\Sai\UnitTesting-LangChain\tests\OrderManagementSystem\app\repository\test_in_memory_order_repository_0.py", line 66, in test_save_invalid_order
    self.repository.save(None)  # Attempting to save None
AssertionError: TypeError not raised
</td>
    </tr>
    <tr>
      <th id="T_e6ac9_level0_row15" class="row_heading level0 row15" >15</th>
      <td id="T_e6ac9_row15_col0" class="data row15 col0" >OrderManagementSystem.app.repository.test_in_memory_order_repository_0</td>
      <td id="T_e6ac9_row15_col1" class="data row15 col1" >test_save_order (OrderManagementSystem.app.repository.test_in_memory_order_repository_0.TestInMemoryOrderRepository)</td>
      <td id="T_e6ac9_row15_col2" class="data row15 col2" >ERROR</td>
      <td id="T_e6ac9_row15_col3" class="data row15 col3" >Traceback (most recent call last):
  File "D:\Sai\UnitTesting-LangChain\tests\OrderManagementSystem\app\repository\test_in_memory_order_repository_0.py", line 30, in test_save_order
    order = Order(id=1, item="Test Item", quantity=2)
TypeError: __init__() got an unexpected keyword argument 'id'
</td>
    </tr>
    <tr>
      <th id="T_e6ac9_level0_row16" class="row_heading level0 row16" >16</th>
      <td id="T_e6ac9_row16_col0" class="data row16 col0" >OrderManagementSystem.app.repository.test_order_repository_0</td>
      <td id="T_e6ac9_row16_col1" class="data row16 col1" >test_find_all_no_orders (OrderManagementSystem.app.repository.test_order_repository_0.TestOrderRepository)</td>
      <td id="T_e6ac9_row16_col2" class="data row16 col2" >ERROR</td>
      <td id="T_e6ac9_row16_col3" class="data row16 col3" >Traceback (most recent call last):
  File "D:\Sai\UnitTesting-LangChain\tests\OrderManagementSystem\app\repository\test_order_repository_0.py", line 47, in setUp
    self.repository = MockOrderRepository()
  File "D:\Sai\UnitTesting-LangChain\tests\OrderManagementSystem\app\repository\test_order_repository_0.py", line 27, in __init__
    self.orders = {{}}
TypeError: unhashable type: 'dict'
</td>
    </tr>
    <tr>
      <th id="T_e6ac9_level0_row17" class="row_heading level0 row17" >17</th>
      <td id="T_e6ac9_row17_col0" class="data row17 col0" >OrderManagementSystem.app.repository.test_order_repository_0</td>
      <td id="T_e6ac9_row17_col1" class="data row17 col1" >test_find_all_orders (OrderManagementSystem.app.repository.test_order_repository_0.TestOrderRepository)</td>
      <td id="T_e6ac9_row17_col2" class="data row17 col2" >ERROR</td>
      <td id="T_e6ac9_row17_col3" class="data row17 col3" >Traceback (most recent call last):
  File "D:\Sai\UnitTesting-LangChain\tests\OrderManagementSystem\app\repository\test_order_repository_0.py", line 47, in setUp
    self.repository = MockOrderRepository()
  File "D:\Sai\UnitTesting-LangChain\tests\OrderManagementSystem\app\repository\test_order_repository_0.py", line 27, in __init__
    self.orders = {{}}
TypeError: unhashable type: 'dict'
</td>
    </tr>
    <tr>
      <th id="T_e6ac9_level0_row18" class="row_heading level0 row18" >18</th>
      <td id="T_e6ac9_row18_col0" class="data row18 col0" >OrderManagementSystem.app.repository.test_order_repository_0</td>
      <td id="T_e6ac9_row18_col1" class="data row18 col1" >test_find_by_id_existing_order (OrderManagementSystem.app.repository.test_order_repository_0.TestOrderRepository)</td>
      <td id="T_e6ac9_row18_col2" class="data row18 col2" >ERROR</td>
      <td id="T_e6ac9_row18_col3" class="data row18 col3" >Traceback (most recent call last):
  File "D:\Sai\UnitTesting-LangChain\tests\OrderManagementSystem\app\repository\test_order_repository_0.py", line 47, in setUp
    self.repository = MockOrderRepository()
  File "D:\Sai\UnitTesting-LangChain\tests\OrderManagementSystem\app\repository\test_order_repository_0.py", line 27, in __init__
    self.orders = {{}}
TypeError: unhashable type: 'dict'
</td>
    </tr>
    <tr>
      <th id="T_e6ac9_level0_row19" class="row_heading level0 row19" >19</th>
      <td id="T_e6ac9_row19_col0" class="data row19 col0" >OrderManagementSystem.app.repository.test_order_repository_0</td>
      <td id="T_e6ac9_row19_col1" class="data row19 col1" >test_find_by_id_non_existing_order (OrderManagementSystem.app.repository.test_order_repository_0.TestOrderRepository)</td>
      <td id="T_e6ac9_row19_col2" class="data row19 col2" >ERROR</td>
      <td id="T_e6ac9_row19_col3" class="data row19 col3" >Traceback (most recent call last):
  File "D:\Sai\UnitTesting-LangChain\tests\OrderManagementSystem\app\repository\test_order_repository_0.py", line 47, in setUp
    self.repository = MockOrderRepository()
  File "D:\Sai\UnitTesting-LangChain\tests\OrderManagementSystem\app\repository\test_order_repository_0.py", line 27, in __init__
    self.orders = {{}}
TypeError: unhashable type: 'dict'
</td>
    </tr>
    <tr>
      <th id="T_e6ac9_level0_row20" class="row_heading level0 row20" >20</th>
      <td id="T_e6ac9_row20_col0" class="data row20 col0" >OrderManagementSystem.app.repository.test_order_repository_0</td>
      <td id="T_e6ac9_row20_col1" class="data row20 col1" >test_find_by_id_with_invalid_type (OrderManagementSystem.app.repository.test_order_repository_0.TestOrderRepository)</td>
      <td id="T_e6ac9_row20_col2" class="data row20 col2" >ERROR</td>
      <td id="T_e6ac9_row20_col3" class="data row20 col3" >Traceback (most recent call last):
  File "D:\Sai\UnitTesting-LangChain\tests\OrderManagementSystem\app\repository\test_order_repository_0.py", line 47, in setUp
    self.repository = MockOrderRepository()
  File "D:\Sai\UnitTesting-LangChain\tests\OrderManagementSystem\app\repository\test_order_repository_0.py", line 27, in __init__
    self.orders = {{}}
TypeError: unhashable type: 'dict'
</td>
    </tr>
    <tr>
      <th id="T_e6ac9_level0_row21" class="row_heading level0 row21" >21</th>
      <td id="T_e6ac9_row21_col0" class="data row21 col0" >OrderManagementSystem.app.repository.test_order_repository_0</td>
      <td id="T_e6ac9_row21_col1" class="data row21 col1" >test_save_invalid_order (OrderManagementSystem.app.repository.test_order_repository_0.TestOrderRepository)</td>
      <td id="T_e6ac9_row21_col2" class="data row21 col2" >ERROR</td>
      <td id="T_e6ac9_row21_col3" class="data row21 col3" >Traceback (most recent call last):
  File "D:\Sai\UnitTesting-LangChain\tests\OrderManagementSystem\app\repository\test_order_repository_0.py", line 47, in setUp
    self.repository = MockOrderRepository()
  File "D:\Sai\UnitTesting-LangChain\tests\OrderManagementSystem\app\repository\test_order_repository_0.py", line 27, in __init__
    self.orders = {{}}
TypeError: unhashable type: 'dict'
</td>
    </tr>
    <tr>
      <th id="T_e6ac9_level0_row22" class="row_heading level0 row22" >22</th>
      <td id="T_e6ac9_row22_col0" class="data row22 col0" >OrderManagementSystem.app.repository.test_order_repository_0</td>
      <td id="T_e6ac9_row22_col1" class="data row22 col1" >test_save_order (OrderManagementSystem.app.repository.test_order_repository_0.TestOrderRepository)</td>
      <td id="T_e6ac9_row22_col2" class="data row22 col2" >ERROR</td>
      <td id="T_e6ac9_row22_col3" class="data row22 col3" >Traceback (most recent call last):
  File "D:\Sai\UnitTesting-LangChain\tests\OrderManagementSystem\app\repository\test_order_repository_0.py", line 47, in setUp
    self.repository = MockOrderRepository()
  File "D:\Sai\UnitTesting-LangChain\tests\OrderManagementSystem\app\repository\test_order_repository_0.py", line 27, in __init__
    self.orders = {{}}
TypeError: unhashable type: 'dict'
</td>
    </tr>
    <tr>
      <th id="T_e6ac9_level0_row23" class="row_heading level0 row23" >23</th>
      <td id="T_e6ac9_row23_col0" class="data row23 col0" >OrderManagementSystem.app.repository.test_order_repository_0</td>
      <td id="T_e6ac9_row23_col1" class="data row23 col1" >test_save_order_with_invalid_quantity (OrderManagementSystem.app.repository.test_order_repository_0.TestOrderRepository)</td>
      <td id="T_e6ac9_row23_col2" class="data row23 col2" >ERROR</td>
      <td id="T_e6ac9_row23_col3" class="data row23 col3" >Traceback (most recent call last):
  File "D:\Sai\UnitTesting-LangChain\tests\OrderManagementSystem\app\repository\test_order_repository_0.py", line 47, in setUp
    self.repository = MockOrderRepository()
  File "D:\Sai\UnitTesting-LangChain\tests\OrderManagementSystem\app\repository\test_order_repository_0.py", line 27, in __init__
    self.orders = {{}}
TypeError: unhashable type: 'dict'
</td>
    </tr>
    <tr>
      <th id="T_e6ac9_level0_row24" class="row_heading level0 row24" >24</th>
      <td id="T_e6ac9_row24_col0" class="data row24 col0" >OrderManagementSystem.app.service.test_order_service_0</td>
      <td id="T_e6ac9_row24_col1" class="data row24 col1" >test_create_order_negative_quantity (OrderManagementSystem.app.service.test_order_service_0.TestOrderService)</td>
      <td id="T_e6ac9_row24_col2" class="data row24 col2" >PASS</td>
      <td id="T_e6ac9_row24_col3" class="data row24 col3" >None</td>
    </tr>
    <tr>
      <th id="T_e6ac9_level0_row25" class="row_heading level0 row25" >25</th>
      <td id="T_e6ac9_row25_col0" class="data row25 col0" >OrderManagementSystem.app.service.test_order_service_0</td>
      <td id="T_e6ac9_row25_col1" class="data row25 col1" >test_create_order_valid (OrderManagementSystem.app.service.test_order_service_0.TestOrderService)</td>
      <td id="T_e6ac9_row25_col2" class="data row25 col2" >PASS</td>
      <td id="T_e6ac9_row25_col3" class="data row25 col3" >None</td>
    </tr>
    <tr>
      <th id="T_e6ac9_level0_row26" class="row_heading level0 row26" >26</th>
      <td id="T_e6ac9_row26_col0" class="data row26 col0" >OrderManagementSystem.app.service.test_order_service_0</td>
      <td id="T_e6ac9_row26_col1" class="data row26 col1" >test_create_order_zero_quantity (OrderManagementSystem.app.service.test_order_service_0.TestOrderService)</td>
      <td id="T_e6ac9_row26_col2" class="data row26 col2" >PASS</td>
      <td id="T_e6ac9_row26_col3" class="data row26 col3" >None</td>
    </tr>
    <tr>
      <th id="T_e6ac9_level0_row27" class="row_heading level0 row27" >27</th>
      <td id="T_e6ac9_row27_col0" class="data row27 col0" >OrderManagementSystem.app.service.test_order_service_0</td>
      <td id="T_e6ac9_row27_col1" class="data row27 col1" >test_get_all_orders (OrderManagementSystem.app.service.test_order_service_0.TestOrderService)</td>
      <td id="T_e6ac9_row27_col2" class="data row27 col2" >PASS</td>
      <td id="T_e6ac9_row27_col3" class="data row27 col3" >None</td>
    </tr>
    <tr>
      <th id="T_e6ac9_level0_row28" class="row_heading level0 row28" >28</th>
      <td id="T_e6ac9_row28_col0" class="data row28 col0" >OrderManagementSystem.app.service.test_order_service_0</td>
      <td id="T_e6ac9_row28_col1" class="data row28 col1" >test_get_all_orders_empty (OrderManagementSystem.app.service.test_order_service_0.TestOrderService)</td>
      <td id="T_e6ac9_row28_col2" class="data row28 col2" >PASS</td>
      <td id="T_e6ac9_row28_col3" class="data row28 col3" >None</td>
    </tr>
    <tr>
      <th id="T_e6ac9_level0_row29" class="row_heading level0 row29" >29</th>
      <td id="T_e6ac9_row29_col0" class="data row29 col0" >OrderManagementSystem.app.service.test_order_service_0</td>
      <td id="T_e6ac9_row29_col1" class="data row29 col1" >test_get_order_by_id_not_found (OrderManagementSystem.app.service.test_order_service_0.TestOrderService)</td>
      <td id="T_e6ac9_row29_col2" class="data row29 col2" >PASS</td>
      <td id="T_e6ac9_row29_col3" class="data row29 col3" >None</td>
    </tr>
    <tr>
      <th id="T_e6ac9_level0_row30" class="row_heading level0 row30" >30</th>
      <td id="T_e6ac9_row30_col0" class="data row30 col0" >OrderManagementSystem.app.service.test_order_service_0</td>
      <td id="T_e6ac9_row30_col1" class="data row30 col1" >test_get_order_by_id_valid (OrderManagementSystem.app.service.test_order_service_0.TestOrderService)</td>
      <td id="T_e6ac9_row30_col2" class="data row30 col2" >PASS</td>
      <td id="T_e6ac9_row30_col3" class="data row30 col3" >None</td>
    </tr>
  </tbody>
</table>

    </body>
    </html>
    